C:\USERS\HOSSAM\DOCUMENTS\GITHUB\COMPILER\COMP\COMP\DEBUG\COMP.PCH
C:\USERS\HOSSAM\DOCUMENTS\GITHUB\COMPILER\COMP\COMP\DEBUG\STDAFX.OBJ
C:\USERS\HOSSAM\DOCUMENTS\GITHUB\COMPILER\COMP\COMP\DEBUG\VC110.PDB
C:\USERS\HOSSAM\DOCUMENTS\GITHUB\COMPILER\COMP\COMP\DEBUG\VARIABLE.OBJ
C:\USERS\HOSSAM\DOCUMENTS\GITHUB\COMPILER\COMP\COMP\DEBUG\TYPEHELPER.OBJ
C:\USERS\HOSSAM\DOCUMENTS\GITHUB\COMPILER\COMP\COMP\DEBUG\SYMBOL_TABLE.OBJ
C:\USERS\HOSSAM\DOCUMENTS\GITHUB\COMPILER\COMP\COMP\DEBUG\SYMBOL.OBJ
C:\USERS\HOSSAM\DOCUMENTS\GITHUB\COMPILER\COMP\COMP\DEBUG\SCOPE.OBJ
C:\USERS\HOSSAM\DOCUMENTS\GITHUB\COMPILER\COMP\COMP\DEBUG\PROTOCOL.OBJ
C:\USERS\HOSSAM\DOCUMENTS\GITHUB\COMPILER\COMP\COMP\DEBUG\INTERFACE.OBJ
C:\USERS\HOSSAM\DOCUMENTS\GITHUB\COMPILER\COMP\COMP\DEBUG\IMPLEMENTATION.OBJ
C:\USERS\HOSSAM\DOCUMENTS\GITHUB\COMPILER\COMP\COMP\DEBUG\HASH_TABEL.OBJ
C:\USERS\HOSSAM\DOCUMENTS\GITHUB\COMPILER\COMP\COMP\DEBUG\ERRORRECOVERY.OBJ
C:\USERS\HOSSAM\DOCUMENTS\GITHUB\COMPILER\COMP\COMP\DEBUG\COMP.OBJ
C:\USERS\HOSSAM\DOCUMENTS\GITHUB\COMPILER\COMP\COMP\DEBUG\CODE_GENERATION1.OBJ
C:\USERS\HOSSAM\DOCUMENTS\GITHUB\COMPILER\COMP\COMP\DEBUG\AST.OBJ
C:\USERS\HOSSAM\DOCUMENTS\GITHUB\COMPILER\COMP\COMP\DEBUG\ASSEMBLYINFO.OBJ
C:\USERS\HOSSAM\DOCUMENTS\GITHUB\COMPILER\COMP\COMP\DEBUG\YACC.OBJ
C:\Users\hossam\Documents\GitHub\compiler\comp\comp\Debug\AssemblyInfo.obj
C:\Users\hossam\Documents\GitHub\compiler\comp\comp\Debug\AST.obj
C:\Users\hossam\Documents\GitHub\compiler\comp\comp\Debug\code_generation1.obj
C:\Users\hossam\Documents\GitHub\compiler\comp\comp\Debug\comp.obj
C:\Users\hossam\Documents\GitHub\compiler\comp\comp\Debug\ErrorRecovery.obj
C:\Users\hossam\Documents\GitHub\compiler\comp\comp\Debug\hash_tabel.obj
C:\Users\hossam\Documents\GitHub\compiler\comp\comp\Debug\Implementation.obj
C:\Users\hossam\Documents\GitHub\compiler\comp\comp\Debug\Interface.obj
C:\Users\hossam\Documents\GitHub\compiler\comp\comp\Debug\Protocol.obj
C:\Users\hossam\Documents\GitHub\compiler\comp\comp\Debug\Scope.obj
C:\Users\hossam\Documents\GitHub\compiler\comp\comp\Debug\stdafx.obj
C:\Users\hossam\Documents\GitHub\compiler\comp\comp\Debug\Symbol.obj
C:\Users\hossam\Documents\GitHub\compiler\comp\comp\Debug\Symbol_Table.obj
C:\Users\hossam\Documents\GitHub\compiler\comp\comp\Debug\TypeHelper.obj
C:\Users\hossam\Documents\GitHub\compiler\comp\comp\Debug\Variable.obj
C:\Users\hossam\Documents\GitHub\compiler\comp\comp\Debug\yacc.obj
C:\Users\hossam\Documents\GitHub\compiler\comp\comp\Debug\cl.command.1.tlog
C:\Users\hossam\Documents\GitHub\compiler\comp\comp\Debug\CL.read.1.tlog
C:\Users\hossam\Documents\GitHub\compiler\comp\comp\Debug\CL.write.1.tlog
C:\Users\hossam\Documents\GitHub\compiler\comp\comp\Debug\metagen.write.1.tlog
C:\Users\hossam\Documents\GitHub\compiler\comp\comp\Debug\comp.pch
C:\Users\hossam\Documents\GitHub\compiler\comp\comp\Debug\vc110.pdb
